<?xml version="1.0" encoding="UTF-8"?>
<testsuite xmlns:xsi="http://www.w3.org/2001/XMLSchema-instance" xsi:noNamespaceSchemaLocation="https://maven.apache.org/surefire/maven-surefire-plugin/xsd/surefire-test-report.xsd" name="TestSuite" time="25.223" tests="2" errors="0" skipped="0" failures="0">
  <properties>
[...]
</properties>
  <testcase name="testLanguageSwitchAndCodeEntry" classname="com.qainfootest.CodingPlaygroundTest" time="23.88"/>
  <testcase name="shouldAnswerWithTrue on shouldAnswerWithTrue(com.qainfootest.AppTest)" classname="com.qainfootest.AppTest" time="0.001"/>
</testsuite>